[15:04:11] [Client thread/INFO]: Setting user: Player736
[15:04:15] [Client thread/INFO]: LWJGL Version: 2.9.4
[15:04:22] [Client thread/INFO]: Reloading ResourceManager: Default, FMLFileResourcePack:Forge Mod Loader, FMLFileResourcePack:Minecraft Forge
[15:04:23] [Sound Library Loader/INFO]: Starting up SoundSystem...
[15:04:23] [Thread-9/INFO]: Initializing LWJGL OpenAL
[15:04:23] [Thread-9/INFO]: (The LWJGL binding of OpenAL.  For more information, see http://www.lwjgl.org)
[15:04:23] [Thread-9/INFO]: OpenAL initialized.
[15:04:23] [Sound Library Loader/INFO]: Sound engine started
[15:04:39] [Client thread/INFO]: Created: 16x16 textures-atlas
[15:04:42] [Client thread/INFO]: Reloading ResourceManager: Default, FMLFileResourcePack:Forge Mod Loader, FMLFileResourcePack:Minecraft Forge
[15:04:42] [Client thread/INFO]: SoundSystem shutting down...
[15:04:42] [Client thread/WARN]: Author: Paul Lamb, www.paulscode.com
[15:04:42] [Sound Library Loader/INFO]: Starting up SoundSystem...
[15:04:42] [Thread-11/INFO]: Initializing LWJGL OpenAL
[15:04:42] [Thread-11/INFO]: (The LWJGL binding of OpenAL.  For more information, see http://www.lwjgl.org)
[15:04:42] [Thread-11/INFO]: OpenAL initialized.
[15:04:43] [Sound Library Loader/INFO]: Sound engine started
[15:04:58] [Client thread/INFO]: Created: 512x512 textures-atlas
[15:05:17] [Server thread/INFO]: Starting integrated minecraft server version 1.8.9
[15:05:17] [Server thread/INFO]: Generating keypair
[15:05:17] [Server thread/INFO]: Preparing start region for level 0
[15:05:18] [Server thread/INFO]: Preparing spawn area: 27%
[15:05:20] [Server thread/INFO]: Preparing spawn area: 94%
[15:05:20] [Server thread/INFO]: Changing view distance to 8, from 10
[15:05:23] [Server thread/INFO]: Player736[local:E:e862b9b3] logged in with entity id 245 at (-19.5, 69.0, 121.5)
[15:05:23] [Server thread/INFO]: Player736 joined the game
[15:05:46] [Client thread/ERROR]: Couldn't render entity
net.minecraft.util.ReportedException: Registering texture
	at net.minecraft.client.renderer.texture.TextureManager.loadTexture(TextureManager.java:89) ~[TextureManager.class:?]
	at net.minecraft.client.renderer.texture.TextureManager.bindTexture(TextureManager.java:42) ~[TextureManager.class:?]
	at net.minecraft.client.renderer.entity.Render.bindTexture(Render.java:99) ~[Render.class:?]
	at net.minecraft.client.renderer.entity.Render.bindEntityTexture(Render.java:92) ~[Render.class:?]
	at net.minecraft.client.renderer.entity.RendererLivingEntity.renderModel(RendererLivingEntity.java:261) ~[RendererLivingEntity.class:?]
	at net.minecraft.client.renderer.entity.RendererLivingEntity.doRender(RendererLivingEntity.java:174) [RendererLivingEntity.class:?]
	at net.minecraft.client.renderer.entity.RenderLiving.doRender(RenderLiving.java:51) [RenderLiving.class:?]
	at net.minecraft.client.renderer.entity.RenderLiving.doRender(RenderLiving.java:16) [RenderLiving.class:?]
	at net.minecraft.client.renderer.entity.RenderManager.doRenderEntity(RenderManager.java:380) [RenderManager.class:?]
	at net.minecraft.client.renderer.entity.RenderManager.renderEntityStatic(RenderManager.java:337) [RenderManager.class:?]
	at net.minecraft.client.renderer.entity.RenderManager.renderEntitySimple(RenderManager.java:304) [RenderManager.class:?]
	at net.minecraft.client.renderer.RenderGlobal.renderEntities(RenderGlobal.java:672) [RenderGlobal.class:?]
	at net.minecraft.client.renderer.EntityRenderer.renderWorldPass(EntityRenderer.java:1370) [EntityRenderer.class:?]
	at net.minecraft.client.renderer.EntityRenderer.renderWorld(EntityRenderer.java:1284) [EntityRenderer.class:?]
	at net.minecraft.client.renderer.EntityRenderer.updateCameraAndRender(EntityRenderer.java:1112) [EntityRenderer.class:?]
	at net.minecraft.client.Minecraft.runGameLoop(Minecraft.java:1127) [Minecraft.class:?]
	at net.minecraft.client.Minecraft.run(Minecraft.java:384) [Minecraft.class:?]
	at net.minecraft.client.main.Main.main(Main.java:116) [Main.class:?]
	at sun.reflect.NativeMethodAccessorImpl.invoke0(Native Method) ~[?:1.8.0_271]
	at sun.reflect.NativeMethodAccessorImpl.invoke(NativeMethodAccessorImpl.java:62) ~[?:1.8.0_271]
	at sun.reflect.DelegatingMethodAccessorImpl.invoke(DelegatingMethodAccessorImpl.java:43) ~[?:1.8.0_271]
	at java.lang.reflect.Method.invoke(Method.java:498) ~[?:1.8.0_271]
	at net.minecraft.launchwrapper.Launch.launch(Launch.java:135) [launchwrapper-1.12.jar:?]
	at net.minecraft.launchwrapper.Launch.main(Launch.java:28) [launchwrapper-1.12.jar:?]
	at sun.reflect.NativeMethodAccessorImpl.invoke0(Native Method) ~[?:1.8.0_271]
	at sun.reflect.NativeMethodAccessorImpl.invoke(NativeMethodAccessorImpl.java:62) ~[?:1.8.0_271]
	at sun.reflect.DelegatingMethodAccessorImpl.invoke(DelegatingMethodAccessorImpl.java:43) ~[?:1.8.0_271]
	at java.lang.reflect.Method.invoke(Method.java:498) ~[?:1.8.0_271]
	at net.minecraftforge.gradle.GradleStartCommon.launch(GradleStartCommon.java:97) [start/:?]
	at GradleStart.main(GradleStart.java:26) [start/:?]
Caused by: java.lang.OutOfMemoryError: Java heap space
	at net.minecraft.client.renderer.texture.TextureUtil.uploadTextureImageSubImpl(TextureUtil.java:231) ~[TextureUtil.class:?]
	at net.minecraft.client.renderer.texture.TextureUtil.uploadTextureImageSub(TextureUtil.java:222) ~[TextureUtil.class:?]
	at net.minecraft.client.renderer.texture.TextureUtil.uploadTextureImageAllocate(TextureUtil.java:190) ~[TextureUtil.class:?]
	at net.minecraft.client.renderer.texture.SimpleTexture.loadTexture(SimpleTexture.java:57) ~[SimpleTexture.class:?]
	at net.minecraft.client.renderer.texture.TextureManager.loadTexture(TextureManager.java:67) ~[TextureManager.class:?]
	at net.minecraft.client.renderer.texture.TextureManager.bindTexture(TextureManager.java:42) ~[TextureManager.class:?]
	at net.minecraft.client.renderer.entity.Render.bindTexture(Render.java:99) ~[Render.class:?]
	at net.minecraft.client.renderer.entity.Render.bindEntityTexture(Render.java:92) ~[Render.class:?]
	at net.minecraft.client.renderer.entity.RendererLivingEntity.renderModel(RendererLivingEntity.java:261) ~[RendererLivingEntity.class:?]
	at net.minecraft.client.renderer.entity.RendererLivingEntity.doRender(RendererLivingEntity.java:174) ~[RendererLivingEntity.class:?]
	at net.minecraft.client.renderer.entity.RenderLiving.doRender(RenderLiving.java:51) ~[forgeSrc-1.8.9-11.15.1.1722.jar:?]
	at net.minecraft.client.renderer.entity.RenderLiving.doRender(RenderLiving.java:16) ~[forgeSrc-1.8.9-11.15.1.1722.jar:?]
	at net.minecraft.client.renderer.entity.RenderManager.doRenderEntity(RenderManager.java:380) ~[forgeSrc-1.8.9-11.15.1.1722.jar:?]
	at net.minecraft.client.renderer.entity.RenderManager.renderEntityStatic(RenderManager.java:337) ~[forgeSrc-1.8.9-11.15.1.1722.jar:?]
	at net.minecraft.client.renderer.entity.RenderManager.renderEntitySimple(RenderManager.java:304) ~[forgeSrc-1.8.9-11.15.1.1722.jar:?]
	at net.minecraft.client.renderer.RenderGlobal.renderEntities(RenderGlobal.java:672) ~[forgeSrc-1.8.9-11.15.1.1722.jar:?]
	at net.minecraft.client.renderer.EntityRenderer.renderWorldPass(EntityRenderer.java:1370) ~[forgeSrc-1.8.9-11.15.1.1722.jar:?]
	at net.minecraft.client.renderer.EntityRenderer.renderWorld(EntityRenderer.java:1284) ~[forgeSrc-1.8.9-11.15.1.1722.jar:?]
	at net.minecraft.client.renderer.EntityRenderer.updateCameraAndRender(EntityRenderer.java:1112) ~[forgeSrc-1.8.9-11.15.1.1722.jar:?]
	at net.minecraft.client.Minecraft.runGameLoop(Minecraft.java:1127) ~[forgeSrc-1.8.9-11.15.1.1722.jar:?]
	at net.minecraft.client.Minecraft.run(Minecraft.java:384) ~[forgeSrc-1.8.9-11.15.1.1722.jar:?]
	at net.minecraft.client.main.Main.main(Main.java:116) ~[forgeSrc-1.8.9-11.15.1.1722.jar:?]
	at sun.reflect.NativeMethodAccessorImpl.invoke0(Native Method) ~[?:1.8.0_271]
	at sun.reflect.NativeMethodAccessorImpl.invoke(NativeMethodAccessorImpl.java:62) ~[?:1.8.0_271]
	at sun.reflect.DelegatingMethodAccessorImpl.invoke(DelegatingMethodAccessorImpl.java:43) ~[?:1.8.0_271]
	at java.lang.reflect.Method.invoke(Method.java:498) ~[?:1.8.0_271]
	at net.minecraft.launchwrapper.Launch.launch(Launch.java:135) ~[launchwrapper-1.12.jar:?]
	at net.minecraft.launchwrapper.Launch.main(Launch.java:28) ~[launchwrapper-1.12.jar:?]
	at sun.reflect.NativeMethodAccessorImpl.invoke0(Native Method) ~[?:1.8.0_271]
	at sun.reflect.NativeMethodAccessorImpl.invoke(NativeMethodAccessorImpl.java:62) ~[?:1.8.0_271]
	at sun.reflect.DelegatingMethodAccessorImpl.invoke(DelegatingMethodAccessorImpl.java:43) ~[?:1.8.0_271]
	at java.lang.reflect.Method.invoke(Method.java:498) ~[?:1.8.0_271]
[15:05:47] [Client thread/ERROR]: Couldn't render entity
net.minecraft.util.ReportedException: Registering texture
	at net.minecraft.client.renderer.texture.TextureManager.loadTexture(TextureManager.java:89) ~[TextureManager.class:?]
	at net.minecraft.client.renderer.texture.TextureManager.bindTexture(TextureManager.java:42) ~[TextureManager.class:?]
	at net.minecraft.client.renderer.entity.Render.bindTexture(Render.java:99) ~[Render.class:?]
	at net.minecraft.client.renderer.entity.Render.bindEntityTexture(Render.java:92) ~[Render.class:?]
	at net.minecraft.client.renderer.entity.RendererLivingEntity.renderModel(RendererLivingEntity.java:261) ~[RendererLivingEntity.class:?]
	at net.minecraft.client.renderer.entity.RendererLivingEntity.doRender(RendererLivingEntity.java:174) [RendererLivingEntity.class:?]
	at net.minecraft.client.renderer.entity.RenderLiving.doRender(RenderLiving.java:51) [RenderLiving.class:?]
	at net.minecraft.client.renderer.entity.RenderLiving.doRender(RenderLiving.java:16) [RenderLiving.class:?]
	at net.minecraft.client.renderer.entity.RenderManager.doRenderEntity(RenderManager.java:380) [RenderManager.class:?]
	at net.minecraft.client.renderer.entity.RenderManager.renderEntityStatic(RenderManager.java:337) [RenderManager.class:?]
	at net.minecraft.client.renderer.entity.RenderManager.renderEntitySimple(RenderManager.java:304) [RenderManager.class:?]
	at net.minecraft.client.renderer.RenderGlobal.renderEntities(RenderGlobal.java:672) [RenderGlobal.class:?]
	at net.minecraft.client.renderer.EntityRenderer.renderWorldPass(EntityRenderer.java:1370) [EntityRenderer.class:?]
	at net.minecraft.client.renderer.EntityRenderer.renderWorld(EntityRenderer.java:1284) [EntityRenderer.class:?]
	at net.minecraft.client.renderer.EntityRenderer.updateCameraAndRender(EntityRenderer.java:1112) [EntityRenderer.class:?]
	at net.minecraft.client.Minecraft.runGameLoop(Minecraft.java:1127) [Minecraft.class:?]
	at net.minecraft.client.Minecraft.run(Minecraft.java:384) [Minecraft.class:?]
	at net.minecraft.client.main.Main.main(Main.java:116) [Main.class:?]
	at sun.reflect.NativeMethodAccessorImpl.invoke0(Native Method) ~[?:1.8.0_271]
	at sun.reflect.NativeMethodAccessorImpl.invoke(NativeMethodAccessorImpl.java:62) ~[?:1.8.0_271]
	at sun.reflect.DelegatingMethodAccessorImpl.invoke(DelegatingMethodAccessorImpl.java:43) ~[?:1.8.0_271]
	at java.lang.reflect.Method.invoke(Method.java:498) ~[?:1.8.0_271]
	at net.minecraft.launchwrapper.Launch.launch(Launch.java:135) [launchwrapper-1.12.jar:?]
	at net.minecraft.launchwrapper.Launch.main(Launch.java:28) [launchwrapper-1.12.jar:?]
	at sun.reflect.NativeMethodAccessorImpl.invoke0(Native Method) ~[?:1.8.0_271]
	at sun.reflect.NativeMethodAccessorImpl.invoke(NativeMethodAccessorImpl.java:62) ~[?:1.8.0_271]
	at sun.reflect.DelegatingMethodAccessorImpl.invoke(DelegatingMethodAccessorImpl.java:43) ~[?:1.8.0_271]
	at java.lang.reflect.Method.invoke(Method.java:498) ~[?:1.8.0_271]
	at net.minecraftforge.gradle.GradleStartCommon.launch(GradleStartCommon.java:97) [start/:?]
	at GradleStart.main(GradleStart.java:26) [start/:?]
Caused by: java.lang.OutOfMemoryError: Java heap space
	at net.minecraft.client.renderer.texture.TextureUtil.uploadTextureImageSubImpl(TextureUtil.java:231) ~[TextureUtil.class:?]
	at net.minecraft.client.renderer.texture.TextureUtil.uploadTextureImageSub(TextureUtil.java:222) ~[TextureUtil.class:?]
	at net.minecraft.client.renderer.texture.TextureUtil.uploadTextureImageAllocate(TextureUtil.java:190) ~[TextureUtil.class:?]
	at net.minecraft.client.renderer.texture.SimpleTexture.loadTexture(SimpleTexture.java:57) ~[SimpleTexture.class:?]
	at net.minecraft.client.renderer.texture.TextureManager.loadTexture(TextureManager.java:67) ~[TextureManager.class:?]
	at net.minecraft.client.renderer.texture.TextureManager.bindTexture(TextureManager.java:42) ~[TextureManager.class:?]
	at net.minecraft.client.renderer.entity.Render.bindTexture(Render.java:99) ~[Render.class:?]
	at net.minecraft.client.renderer.entity.Render.bindEntityTexture(Render.java:92) ~[Render.class:?]
	at net.minecraft.client.renderer.entity.RendererLivingEntity.renderModel(RendererLivingEntity.java:261) ~[RendererLivingEntity.class:?]
	at net.minecraft.client.renderer.entity.RendererLivingEntity.doRender(RendererLivingEntity.java:174) ~[RendererLivingEntity.class:?]
	at net.minecraft.client.renderer.entity.RenderLiving.doRender(RenderLiving.java:51) ~[forgeSrc-1.8.9-11.15.1.1722.jar:?]
	at net.minecraft.client.renderer.entity.RenderLiving.doRender(RenderLiving.java:16) ~[forgeSrc-1.8.9-11.15.1.1722.jar:?]
	at net.minecraft.client.renderer.entity.RenderManager.doRenderEntity(RenderManager.java:380) ~[forgeSrc-1.8.9-11.15.1.1722.jar:?]
	at net.minecraft.client.renderer.entity.RenderManager.renderEntityStatic(RenderManager.java:337) ~[forgeSrc-1.8.9-11.15.1.1722.jar:?]
	at net.minecraft.client.renderer.entity.RenderManager.renderEntitySimple(RenderManager.java:304) ~[forgeSrc-1.8.9-11.15.1.1722.jar:?]
	at net.minecraft.client.renderer.RenderGlobal.renderEntities(RenderGlobal.java:672) ~[forgeSrc-1.8.9-11.15.1.1722.jar:?]
	at net.minecraft.client.renderer.EntityRenderer.renderWorldPass(EntityRenderer.java:1370) ~[forgeSrc-1.8.9-11.15.1.1722.jar:?]
	at net.minecraft.client.renderer.EntityRenderer.renderWorld(EntityRenderer.java:1284) ~[forgeSrc-1.8.9-11.15.1.1722.jar:?]
	at net.minecraft.client.renderer.EntityRenderer.updateCameraAndRender(EntityRenderer.java:1112) ~[forgeSrc-1.8.9-11.15.1.1722.jar:?]
	at net.minecraft.client.Minecraft.runGameLoop(Minecraft.java:1127) ~[forgeSrc-1.8.9-11.15.1.1722.jar:?]
	at net.minecraft.client.Minecraft.run(Minecraft.java:384) ~[forgeSrc-1.8.9-11.15.1.1722.jar:?]
	at net.minecraft.client.main.Main.main(Main.java:116) ~[forgeSrc-1.8.9-11.15.1.1722.jar:?]
	at sun.reflect.NativeMethodAccessorImpl.invoke0(Native Method) ~[?:1.8.0_271]
	at sun.reflect.NativeMethodAccessorImpl.invoke(NativeMethodAccessorImpl.java:62) ~[?:1.8.0_271]
	at sun.reflect.DelegatingMethodAccessorImpl.invoke(DelegatingMethodAccessorImpl.java:43) ~[?:1.8.0_271]
	at java.lang.reflect.Method.invoke(Method.java:498) ~[?:1.8.0_271]
	at net.minecraft.launchwrapper.Launch.launch(Launch.java:135) ~[launchwrapper-1.12.jar:?]
	at net.minecraft.launchwrapper.Launch.main(Launch.java:28) ~[launchwrapper-1.12.jar:?]
	at sun.reflect.NativeMethodAccessorImpl.invoke0(Native Method) ~[?:1.8.0_271]
	at sun.reflect.NativeMethodAccessorImpl.invoke(NativeMethodAccessorImpl.java:62) ~[?:1.8.0_271]
	at sun.reflect.DelegatingMethodAccessorImpl.invoke(DelegatingMethodAccessorImpl.java:43) ~[?:1.8.0_271]
	at java.lang.reflect.Method.invoke(Method.java:498) ~[?:1.8.0_271]
[15:05:47] [Server thread/INFO]: Saving and pausing game...
[15:05:47] [Server thread/INFO]: Saving chunks for level 'mcpworld'/Overworld
[15:05:48] [Client thread/ERROR]: Couldn't render entity
net.minecraft.util.ReportedException: Registering texture
	at net.minecraft.client.renderer.texture.TextureManager.loadTexture(TextureManager.java:89) ~[TextureManager.class:?]
	at net.minecraft.client.renderer.texture.TextureManager.bindTexture(TextureManager.java:42) ~[TextureManager.class:?]
	at net.minecraft.client.renderer.entity.Render.bindTexture(Render.java:99) ~[Render.class:?]
	at net.minecraft.client.renderer.entity.Render.bindEntityTexture(Render.java:92) ~[Render.class:?]
	at net.minecraft.client.renderer.entity.RendererLivingEntity.renderModel(RendererLivingEntity.java:261) ~[RendererLivingEntity.class:?]
	at net.minecraft.client.renderer.entity.RendererLivingEntity.doRender(RendererLivingEntity.java:174) [RendererLivingEntity.class:?]
	at net.minecraft.client.renderer.entity.RenderLiving.doRender(RenderLiving.java:51) [RenderLiving.class:?]
	at net.minecraft.client.renderer.entity.RenderLiving.doRender(RenderLiving.java:16) [RenderLiving.class:?]
	at net.minecraft.client.renderer.entity.RenderManager.doRenderEntity(RenderManager.java:380) [RenderManager.class:?]
	at net.minecraft.client.renderer.entity.RenderManager.renderEntityStatic(RenderManager.java:337) [RenderManager.class:?]
	at net.minecraft.client.renderer.entity.RenderManager.renderEntitySimple(RenderManager.java:304) [RenderManager.class:?]
	at net.minecraft.client.renderer.RenderGlobal.renderEntities(RenderGlobal.java:672) [RenderGlobal.class:?]
	at net.minecraft.client.renderer.EntityRenderer.renderWorldPass(EntityRenderer.java:1370) [EntityRenderer.class:?]
	at net.minecraft.client.renderer.EntityRenderer.renderWorld(EntityRenderer.java:1284) [EntityRenderer.class:?]
	at net.minecraft.client.renderer.EntityRenderer.updateCameraAndRender(EntityRenderer.java:1112) [EntityRenderer.class:?]
	at net.minecraft.client.Minecraft.runGameLoop(Minecraft.java:1127) [Minecraft.class:?]
	at net.minecraft.client.Minecraft.run(Minecraft.java:384) [Minecraft.class:?]
	at net.minecraft.client.main.Main.main(Main.java:116) [Main.class:?]
	at sun.reflect.NativeMethodAccessorImpl.invoke0(Native Method) ~[?:1.8.0_271]
	at sun.reflect.NativeMethodAccessorImpl.invoke(NativeMethodAccessorImpl.java:62) ~[?:1.8.0_271]
	at sun.reflect.DelegatingMethodAccessorImpl.invoke(DelegatingMethodAccessorImpl.java:43) ~[?:1.8.0_271]
	at java.lang.reflect.Method.invoke(Method.java:498) ~[?:1.8.0_271]
	at net.minecraft.launchwrapper.Launch.launch(Launch.java:135) [launchwrapper-1.12.jar:?]
	at net.minecraft.launchwrapper.Launch.main(Launch.java:28) [launchwrapper-1.12.jar:?]
	at sun.reflect.NativeMethodAccessorImpl.invoke0(Native Method) ~[?:1.8.0_271]
	at sun.reflect.NativeMethodAccessorImpl.invoke(NativeMethodAccessorImpl.java:62) ~[?:1.8.0_271]
	at sun.reflect.DelegatingMethodAccessorImpl.invoke(DelegatingMethodAccessorImpl.java:43) ~[?:1.8.0_271]
	at java.lang.reflect.Method.invoke(Method.java:498) ~[?:1.8.0_271]
	at net.minecraftforge.gradle.GradleStartCommon.launch(GradleStartCommon.java:97) [start/:?]
	at GradleStart.main(GradleStart.java:26) [start/:?]
Caused by: java.lang.OutOfMemoryError: Java heap space
[15:05:49] [Client thread/ERROR]: Couldn't render entity
net.minecraft.util.ReportedException: Registering texture
	at net.minecraft.client.renderer.texture.TextureManager.loadTexture(TextureManager.java:89) ~[TextureManager.class:?]
	at net.minecraft.client.renderer.texture.TextureManager.bindTexture(TextureManager.java:42) ~[TextureManager.class:?]
	at net.minecraft.client.renderer.entity.Render.bindTexture(Render.java:99) ~[Render.class:?]
	at net.minecraft.client.renderer.entity.Render.bindEntityTexture(Render.java:92) ~[Render.class:?]
	at net.minecraft.client.renderer.entity.RendererLivingEntity.renderModel(RendererLivingEntity.java:261) ~[RendererLivingEntity.class:?]
	at net.minecraft.client.renderer.entity.RendererLivingEntity.doRender(RendererLivingEntity.java:174) [RendererLivingEntity.class:?]
	at net.minecraft.client.renderer.entity.RenderLiving.doRender(RenderLiving.java:51) [RenderLiving.class:?]
	at net.minecraft.client.renderer.entity.RenderLiving.doRender(RenderLiving.java:16) [RenderLiving.class:?]
	at net.minecraft.client.renderer.entity.RenderManager.doRenderEntity(RenderManager.java:380) [RenderManager.class:?]
	at net.minecraft.client.renderer.entity.RenderManager.renderEntityStatic(RenderManager.java:337) [RenderManager.class:?]
	at net.minecraft.client.renderer.entity.RenderManager.renderEntitySimple(RenderManager.java:304) [RenderManager.class:?]
	at net.minecraft.client.renderer.RenderGlobal.renderEntities(RenderGlobal.java:672) [RenderGlobal.class:?]
	at net.minecraft.client.renderer.EntityRenderer.renderWorldPass(EntityRenderer.java:1370) [EntityRenderer.class:?]
	at net.minecraft.client.renderer.EntityRenderer.renderWorld(EntityRenderer.java:1284) [EntityRenderer.class:?]
	at net.minecraft.client.renderer.EntityRenderer.updateCameraAndRender(EntityRenderer.java:1112) [EntityRenderer.class:?]
	at net.minecraft.client.Minecraft.runGameLoop(Minecraft.java:1127) [Minecraft.class:?]
	at net.minecraft.client.Minecraft.run(Minecraft.java:384) [Minecraft.class:?]
	at net.minecraft.client.main.Main.main(Main.java:116) [Main.class:?]
	at sun.reflect.NativeMethodAccessorImpl.invoke0(Native Method) ~[?:1.8.0_271]
	at sun.reflect.NativeMethodAccessorImpl.invoke(NativeMethodAccessorImpl.java:62) ~[?:1.8.0_271]
	at sun.reflect.DelegatingMethodAccessorImpl.invoke(DelegatingMethodAccessorImpl.java:43) ~[?:1.8.0_271]
	at java.lang.reflect.Method.invoke(Method.java:498) ~[?:1.8.0_271]
	at net.minecraft.launchwrapper.Launch.launch(Launch.java:135) [launchwrapper-1.12.jar:?]
	at net.minecraft.launchwrapper.Launch.main(Launch.java:28) [launchwrapper-1.12.jar:?]
	at sun.reflect.NativeMethodAccessorImpl.invoke0(Native Method) ~[?:1.8.0_271]
	at sun.reflect.NativeMethodAccessorImpl.invoke(NativeMethodAccessorImpl.java:62) ~[?:1.8.0_271]
	at sun.reflect.DelegatingMethodAccessorImpl.invoke(DelegatingMethodAccessorImpl.java:43) ~[?:1.8.0_271]
	at java.lang.reflect.Method.invoke(Method.java:498) ~[?:1.8.0_271]
	at net.minecraftforge.gradle.GradleStartCommon.launch(GradleStartCommon.java:97) [start/:?]
	at GradleStart.main(GradleStart.java:26) [start/:?]
Caused by: java.lang.OutOfMemoryError: Java heap space
[15:05:49] [Client thread/ERROR]: Couldn't render entity
net.minecraft.util.ReportedException: Registering texture
	at net.minecraft.client.renderer.texture.TextureManager.loadTexture(TextureManager.java:89) ~[TextureManager.class:?]
	at net.minecraft.client.renderer.texture.TextureManager.bindTexture(TextureManager.java:42) ~[TextureManager.class:?]
	at net.minecraft.client.renderer.entity.Render.bindTexture(Render.java:99) ~[Render.class:?]
	at net.minecraft.client.renderer.entity.Render.bindEntityTexture(Render.java:92) ~[Render.class:?]
	at net.minecraft.client.renderer.entity.RendererLivingEntity.renderModel(RendererLivingEntity.java:261) ~[RendererLivingEntity.class:?]
	at net.minecraft.client.renderer.entity.RendererLivingEntity.doRender(RendererLivingEntity.java:174) [RendererLivingEntity.class:?]
	at net.minecraft.client.renderer.entity.RenderLiving.doRender(RenderLiving.java:51) [RenderLiving.class:?]
	at net.minecraft.client.renderer.entity.RenderLiving.doRender(RenderLiving.java:16) [RenderLiving.class:?]
	at net.minecraft.client.renderer.entity.RenderManager.doRenderEntity(RenderManager.java:380) [RenderManager.class:?]
	at net.minecraft.client.renderer.entity.RenderManager.renderEntityStatic(RenderManager.java:337) [RenderManager.class:?]
	at net.minecraft.client.renderer.entity.RenderManager.renderEntitySimple(RenderManager.java:304) [RenderManager.class:?]
	at net.minecraft.client.renderer.RenderGlobal.renderEntities(RenderGlobal.java:672) [RenderGlobal.class:?]
	at net.minecraft.client.renderer.EntityRenderer.renderWorldPass(EntityRenderer.java:1370) [EntityRenderer.class:?]
	at net.minecraft.client.renderer.EntityRenderer.renderWorld(EntityRenderer.java:1284) [EntityRenderer.class:?]
	at net.minecraft.client.renderer.EntityRenderer.updateCameraAndRender(EntityRenderer.java:1112) [EntityRenderer.class:?]
	at net.minecraft.client.Minecraft.runGameLoop(Minecraft.java:1127) [Minecraft.class:?]
	at net.minecraft.client.Minecraft.run(Minecraft.java:384) [Minecraft.class:?]
	at net.minecraft.client.main.Main.main(Main.java:116) [Main.class:?]
	at sun.reflect.NativeMethodAccessorImpl.invoke0(Native Method) ~[?:1.8.0_271]
	at sun.reflect.NativeMethodAccessorImpl.invoke(NativeMethodAccessorImpl.java:62) ~[?:1.8.0_271]
	at sun.reflect.DelegatingMethodAccessorImpl.invoke(DelegatingMethodAccessorImpl.java:43) ~[?:1.8.0_271]
	at java.lang.reflect.Method.invoke(Method.java:498) ~[?:1.8.0_271]
	at net.minecraft.launchwrapper.Launch.launch(Launch.java:135) [launchwrapper-1.12.jar:?]
	at net.minecraft.launchwrapper.Launch.main(Launch.java:28) [launchwrapper-1.12.jar:?]
	at sun.reflect.NativeMethodAccessorImpl.invoke0(Native Method) ~[?:1.8.0_271]
	at sun.reflect.NativeMethodAccessorImpl.invoke(NativeMethodAccessorImpl.java:62) ~[?:1.8.0_271]
	at sun.reflect.DelegatingMethodAccessorImpl.invoke(DelegatingMethodAccessorImpl.java:43) ~[?:1.8.0_271]
	at java.lang.reflect.Method.invoke(Method.java:498) ~[?:1.8.0_271]
	at net.minecraftforge.gradle.GradleStartCommon.launch(GradleStartCommon.java:97) [start/:?]
	at GradleStart.main(GradleStart.java:26) [start/:?]
Caused by: java.lang.OutOfMemoryError: Java heap space
[15:05:49] [Client thread/INFO]: Stopping!
[15:05:49] [Server thread/INFO]: Saving chunks for level 'mcpworld'/Nether
[15:05:49] [Server thread/INFO]: Saving chunks for level 'mcpworld'/The End
[15:05:49] [Client thread/INFO]: SoundSystem shutting down...
[15:05:49] [Server thread/INFO]: Stopping server
[15:05:49] [Server thread/INFO]: Saving players
[15:05:49] [Server thread/INFO]: Saving worlds
[15:05:49] [Server thread/INFO]: Saving chunks for level 'mcpworld'/Overworld
[15:05:50] [Server thread/INFO]: Saving chunks for level 'mcpworld'/Nether
[15:05:50] [Server thread/INFO]: Saving chunks for level 'mcpworld'/The End
[15:05:50] [Client thread/WARN]: Author: Paul Lamb, www.paulscode.com
[15:05:50] [Client Shutdown Thread/INFO]: Stopping server
[15:05:50] [Client Shutdown Thread/INFO]: Saving players
[15:05:50] [Client Shutdown Thread/INFO]: Saving worlds
[15:05:50] [Client Shutdown Thread/INFO]: Saving chunks for level 'mcpworld'/Overworld
